2013/10/30 13:02:18 [error] [php] date() [<a href='function.date'>function.date</a>]: It is not safe to rely on the system's timezone settings. You are *required* to use the date.timezone setting or the date_default_timezone_set() function. In case you used any of those methods and you are still getting this warning, you most likely misspelled the timezone identifier. We selected 'Asia/Chongqing' for 'CST/8.0/no DST' instead (/Library/WebServer/Documents/weChat/protected/views/layouts/main.php:51)
Stack trace:
#0 /Library/WebServer/Documents/yii/framework/web/CBaseController.php(95): SiteController->renderInternal()
#1 /Library/WebServer/Documents/yii/framework/web/widgets/CContentDecorator.php(76): SiteController->renderFile()
#2 /Library/WebServer/Documents/yii/framework/web/widgets/CContentDecorator.php(54): CContentDecorator->decorate()
#3 /Library/WebServer/Documents/yii/framework/web/widgets/COutputProcessor.php(44): CContentDecorator->processOutput()
#4 /Library/WebServer/Documents/yii/framework/web/CBaseController.php(206): CContentDecorator->run()
#5 /Library/WebServer/Documents/yii/framework/web/CBaseController.php(300): SiteController->endWidget()
#6 /Library/WebServer/Documents/weChat/protected/views/layouts/column1.php(6): SiteController->endContent()
#7 /Library/WebServer/Documents/yii/framework/web/CBaseController.php(126): require()
#8 /Library/WebServer/Documents/yii/framework/web/CBaseController.php(95): SiteController->renderInternal()
#9 /Library/WebServer/Documents/yii/framework/web/CController.php(784): SiteController->renderFile()
#10 /Library/WebServer/Documents/weChat/protected/controllers/SiteController.php(32): SiteController->render()
#11 /Library/WebServer/Documents/yii/framework/web/actions/CInlineAction.php(49): SiteController->actionIndex()
#12 /Library/WebServer/Documents/yii/framework/web/CController.php(308): CInlineAction->runWithParams()
#13 /Library/WebServer/Documents/yii/framework/web/CController.php(286): SiteController->runAction()
#14 /Library/WebServer/Documents/yii/framework/web/CController.php(265): SiteController->runActionWithFilters()
#15 /Library/WebServer/Documents/yii/framework/web/CWebApplication.php(282): SiteController->run()
#16 /Library/WebServer/Documents/yii/framework/web/CWebApplication.php(141): CWebApplication->runController()
#17 /Library/WebServer/Documents/yii/framework/base/CApplication.php(169): CWebApplication->processRequest()
#18 /Library/WebServer/Documents/weChat/index.php(13): CWebApplication->run()
REQUEST_URI=/weChat/index.php
in /Library/WebServer/Documents/weChat/protected/views/layouts/main.php (51)
in /Library/WebServer/Documents/weChat/protected/views/layouts/column1.php (6)
in /Library/WebServer/Documents/weChat/protected/controllers/SiteController.php (32)
2013/10/30 18:46:18 [error] [exception.CHttpException.404] exception 'CHttpException' with message 'Unable to resolve the request "gii".' in /Library/WebServer/Documents/yii/framework/web/CWebApplication.php:286
Stack trace:
#0 /Library/WebServer/Documents/yii/framework/web/CWebApplication.php(141): CWebApplication->runController('gii')
#1 /Library/WebServer/Documents/yii/framework/base/CApplication.php(169): CWebApplication->processRequest()
#2 /Library/WebServer/Documents/weChat/index.php(13): CApplication->run()
#3 {main}
REQUEST_URI=/weChat/index.php?r=gii
---
